[main] INFO  DasKey.Principal  - Path configuracion JOB Service: c://test/DAS/Job Server v1.15\conf\com.eda.crypto.cfg
[main] INFO  DasKey.Principal  - Path configuracion REPO Service: c://test/DAS/Repository Server v1.15\conf\com.eda.crypto.cfg
[main] INFO  DasKey.Principal  - Path Keystore JOB: C:\test\DAS\das-jsf-tls.jks
[main] INFO  DasKey.Principal  - Clave JOB: yizNuxlcBLeEUYL
[main] INFO  DasKey.Principal  - Path Keystore REPO: C:\test\DAS\das-sae-tls.jks
[main] INFO  DasKey.Principal  - Clave REPO: I5wxuBY6ht1N6D9
[main] INFO  DasKey.Principal  - Path TrustStore : C:\test\DAS\das-trust.jks
[main] INFO  DasKey.Principal  - Clave REPO: Miclave.1
[main] INFO  DasKey.Carpeta  - ruta archivo y nombre: C:\Users\e10934a\Documents\NetBeansProjects\DASKey\input\certificate.crt | certificate.crt
[main] INFO  DasKey.Certificado  - El numero de alias es : 1
[main] INFO  DasKey.Certificado  - Nombre alias: das-jsf-tls-20190222154823
[main] INFO  DasKey.Certificado  - ruta certificado a abrir: C:\Users\e10934a\Documents\NetBeansProjects\DASKey\input\certificate.crt
[main] INFO  DasKey.Certificado  - Cantidad de certificado: 1
[main] INFO  DasKey.Certificado  - Guardado nuevo Certificado en Keystore: C:\test\DAS\das-jsf-tls.jks [OK] 
[main] INFO  DasKey.Certificado  - El numero de alias es : 1
[main] INFO  DasKey.Certificado  - Nombre alias: das-sae-tls-20190222154823
[main] INFO  DasKey.Certificado  - ruta certificado a abrir: C:\Users\e10934a\Documents\NetBeansProjects\DASKey\input\certificate.crt
[main] INFO  DasKey.Certificado  - Cantidad de certificado: 1
[main] INFO  DasKey.Certificado  - Guardado nuevo Certificado en Keystore: C:\test\DAS\das-sae-tls.jks [OK] 
[main] INFO  DasKey.Certificado  - [Borrado exitoso] das-jsf-tls-20190222154823
[main] INFO  DasKey.Certificado  - Guardado nuevo Certificado en Keystore: C:\test\DAS\das-trust.jks [OK] 
[main] INFO  DasKey.Certificado  - [Borrado exitoso] das-sae-tls-20190222154823
[main] INFO  DasKey.Certificado  - Guardado nuevo Certificado en Keystore: C:\test\DAS\das-trust.jks [OK] 
